<?xml version="1.0" encoding="UTF-8"?>
<testng-results skipped="0" failed="0" ignored="0" total="6" passed="6">
  <reporter-output>
  </reporter-output>
  <suite name="Default suite" duration-ms="2158" started-at="2021-01-11T00:14:20 IST" finished-at="2021-01-11T00:14:22 IST">
    <groups>
    </groups>
    <test name="Default test" duration-ms="2158" started-at="2021-01-11T00:14:20 IST" finished-at="2021-01-11T00:14:22 IST">
      <class name="DynamicJson">
        <test-method status="PASS" signature="addbook(java.lang.String, java.lang.String)[pri:0, instance:DynamicJson@1f36e637]" name="addbook" duration-ms="1539" started-at="2021-01-11T00:14:20 IST" data-provider="addbooksdata" finished-at="2021-01-11T00:14:22 IST">
          <params>
            <param index="0">
              <value>
                <![CDATA[jkhjkjhkhjk]]>
              </value>
            </param>
            <param index="1">
              <value>
                <![CDATA[87878787]]>
              </value>
            </param>
          </params>
          <reporter-output>
          </reporter-output>
        </test-method> <!-- addbook -->
        <test-method status="PASS" signature="addbook(java.lang.String, java.lang.String)[pri:0, instance:DynamicJson@1f36e637]" name="addbook" duration-ms="111" started-at="2021-01-11T00:14:22 IST" data-provider="addbooksdata" finished-at="2021-01-11T00:14:22 IST">
          <params>
            <param index="0">
              <value>
                <![CDATA[rtyrtytyuyt]]>
              </value>
            </param>
            <param index="1">
              <value>
                <![CDATA[77878755]]>
              </value>
            </param>
          </params>
          <reporter-output>
          </reporter-output>
        </test-method> <!-- addbook -->
        <test-method status="PASS" signature="addbook(java.lang.String, java.lang.String)[pri:0, instance:DynamicJson@1f36e637]" name="addbook" duration-ms="111" started-at="2021-01-11T00:14:22 IST" data-provider="addbooksdata" finished-at="2021-01-11T00:14:22 IST">
          <params>
            <param index="0">
              <value>
                <![CDATA[bvnvbnbvmm]]>
              </value>
            </param>
            <param index="1">
              <value>
                <![CDATA[567676767]]>
              </value>
            </param>
          </params>
          <reporter-output>
          </reporter-output>
        </test-method> <!-- addbook -->
        <test-method status="PASS" signature="deletebooks(java.lang.String, java.lang.String)[pri:0, instance:DynamicJson@1f36e637]" name="deletebooks" duration-ms="111" started-at="2021-01-11T00:14:22 IST" data-provider="addbooksdata" finished-at="2021-01-11T00:14:22 IST">
          <params>
            <param index="0">
              <value>
                <![CDATA[jkhjkjhkhjk]]>
              </value>
            </param>
            <param index="1">
              <value>
                <![CDATA[87878787]]>
              </value>
            </param>
          </params>
          <reporter-output>
          </reporter-output>
        </test-method> <!-- deletebooks -->
        <test-method status="PASS" signature="deletebooks(java.lang.String, java.lang.String)[pri:0, instance:DynamicJson@1f36e637]" name="deletebooks" duration-ms="123" started-at="2021-01-11T00:14:22 IST" data-provider="addbooksdata" finished-at="2021-01-11T00:14:22 IST">
          <params>
            <param index="0">
              <value>
                <![CDATA[rtyrtytyuyt]]>
              </value>
            </param>
            <param index="1">
              <value>
                <![CDATA[77878755]]>
              </value>
            </param>
          </params>
          <reporter-output>
          </reporter-output>
        </test-method> <!-- deletebooks -->
        <test-method status="PASS" signature="deletebooks(java.lang.String, java.lang.String)[pri:0, instance:DynamicJson@1f36e637]" name="deletebooks" duration-ms="115" started-at="2021-01-11T00:14:22 IST" data-provider="addbooksdata" finished-at="2021-01-11T00:14:22 IST">
          <params>
            <param index="0">
              <value>
                <![CDATA[bvnvbnbvmm]]>
              </value>
            </param>
            <param index="1">
              <value>
                <![CDATA[567676767]]>
              </value>
            </param>
          </params>
          <reporter-output>
          </reporter-output>
        </test-method> <!-- deletebooks -->
      </class> <!-- DynamicJson -->
    </test> <!-- Default test -->
  </suite> <!-- Default suite -->
</testng-results>
